<?xml version="1.0" encoding="UTF-8"?>
<!-- Generated by org.testng.reporters.JUnitXMLReporter -->
<testsuite ignored="0" hostname="blocksone-VivoBook-ASUSLaptop-X415EA-X415EA" failures="0" tests="2" name="Test" time="12.815" errors="0" timestamp="2024-08-18T19:40:14 IST">
  <testcase classname="script_TESTS.Test03_SwapAvalancheToOptimism" name="verifySwap_AvalancheToOptimism" time="5.276">
    <skipped/>
  </testcase> <!-- verifySwap_AvalancheToOptimism -->
  <testcase classname="script_TESTS.Test03_SwapAvalancheToOptimism" name="verifySwap_AvalancheToOptimism" time="3.186"/>
</testsuite> <!-- Test -->
