<?xml version="1.0" encoding="UTF-8"?>
<!-- Generated by org.testng.reporters.JUnitXMLReporter -->
<testsuite ignored="0" hostname="PC-9" failures="1" tests="1" name="Test" time="45.197" errors="0" timestamp="2024-08-12T15:48:00 IST">
  <testcase classname="script_TESTS.Test01_SwapForDefaultChains" name="verify_Swap_SourceAndDestinationField" time="17.998">
    <failure type="java.lang.AssertionError" message="Swap operation did not yield the expected result. The destination field value is incorrect. did not expect [$0] but found [$0]">
      <![CDATA[java.lang.AssertionError: Swap operation did not yield the expected result. The destination field value is incorrect. did not expect [$0] but found [$0]
at com.Blocksone.L1X.Swap_Utility.Base_Class.sendTestData(Base_Class.java:71)
at script_TESTS.Test01_SwapForDefaultChains.verify_Swap_SourceAndDestinationField(Test01_SwapForDefaultChains.java:37)
at java.base/java.util.ArrayList.forEach(ArrayList.java:1511)
... Removed 32 stack frames]]>
    </failure>
  </testcase> <!-- verify_Swap_SourceAndDestinationField -->
</testsuite> <!-- Test -->
