<?xml version="1.0" encoding="UTF-8"?>
<!-- Generated by org.testng.reporters.JUnitXMLReporter -->
<testsuite ignored="0" hostname="blocksone-VivoBook-ASUSLaptop-X415EA-X415EA" failures="0" tests="2" name="Test" time="18.467" errors="0" timestamp="2024-08-18T19:39:56 IST">
  <testcase classname="script_TESTS.Test01_SwapForDefaultChains" name="verify_Swap_SourceAndDestinationField" time="6.203">
    <skipped/>
  </testcase> <!-- verify_Swap_SourceAndDestinationField -->
  <testcase classname="script_TESTS.Test01_SwapForDefaultChains" name="verify_Swap_SourceAndDestinationField" time="2.803"/>
</testsuite> <!-- Test -->
