<?xml version="1.0" encoding="UTF-8"?>
<!-- Generated by org.testng.reporters.JUnitXMLReporter -->
<testsuite ignored="0" hostname="PC-9" failures="1" tests="1" name="Test" time="19.202" errors="0" timestamp="2024-08-12T15:49:14 IST">
  <testcase classname="script_TESTS.Test05_SwapPolygonToLayerOneX" name="verifySwap_BetweenPolygonAndLayerOneX" time="4.028">
    <failure type="java.lang.AssertionError" message="Swap operation did not yield the expected result. The destination field value is incorrect. did not expect [$0] but found [$0]">
      <![CDATA[java.lang.AssertionError: Swap operation did not yield the expected result. The destination field value is incorrect. did not expect [$0] but found [$0]
at com.Blocksone.L1X.Swap_Utility.Base_Class.sendTestData(Base_Class.java:71)
at script_TESTS.Test05_SwapPolygonToLayerOneX.verifySwap_BetweenPolygonAndLayerOneX(Test05_SwapPolygonToLayerOneX.java:79)
at java.base/java.util.ArrayList.forEach(ArrayList.java:1511)
... Removed 32 stack frames]]>
    </failure>
  </testcase> <!-- verifySwap_BetweenPolygonAndLayerOneX -->
</testsuite> <!-- Test -->
