<?xml version="1.0" encoding="UTF-8"?>
<testng-results ignored="0" total="5" passed="5" failed="0" skipped="0">
  <reporter-output>
  </reporter-output>
  <suite started-at="2024-08-19T10:25:37 IST" name="Suite" finished-at="2024-08-19T10:25:43 IST" duration-ms="6377">
    <groups>
    </groups>
    <test started-at="2024-08-19T10:25:37 IST" name="Test" finished-at="2024-08-19T10:25:43 IST" duration-ms="6377">
      <class name="script_TESTS.Test01_SwapForDefaultChains">
        <test-method is-config="true" signature="configureFile()[pri:0, instance:script_TESTS.Test01_SwapForDefaultChains@34129c78]" started-at="2024-08-19T10:25:37 IST" name="configureFile" finished-at="2024-08-19T10:25:37 IST" duration-ms="9" status="PASS">
          <reporter-output>
          </reporter-output>
        </test-method> <!-- configureFile -->
        <test-method is-config="true" signature="open_Browser()[pri:0, instance:script_TESTS.Test01_SwapForDefaultChains@34129c78]" started-at="2024-08-19T10:25:37 IST" name="open_Browser" finished-at="2024-08-19T10:25:40 IST" duration-ms="2796" status="PASS">
          <reporter-output>
          </reporter-output>
        </test-method> <!-- open_Browser -->
        <test-method signature="verify_Swap_SourceAndDestinationField()[pri:0, instance:script_TESTS.Test01_SwapForDefaultChains@34129c78]" started-at="2024-08-19T10:25:40 IST" name="verify_Swap_SourceAndDestinationField" description="This test verifies that when a value is entered in the source chain, the destination chain shows the converted value." finished-at="2024-08-19T10:25:43 IST" duration-ms="3129" status="PASS">
          <reporter-output>
          </reporter-output>
        </test-method> <!-- verify_Swap_SourceAndDestinationField -->
        <test-method is-config="true" signature="close_Browser()[pri:0, instance:script_TESTS.Test01_SwapForDefaultChains@34129c78]" started-at="2024-08-19T10:25:43 IST" name="close_Browser" finished-at="2024-08-19T10:25:43 IST" duration-ms="106" status="PASS">
          <reporter-output>
          </reporter-output>
        </test-method> <!-- close_Browser -->
      </class> <!-- script_TESTS.Test01_SwapForDefaultChains -->
    </test> <!-- Test -->
  </suite> <!-- Suite -->
  <suite started-at="2024-08-19T10:25:50 IST" name="Suite (1)" finished-at="2024-08-19T10:25:56 IST" duration-ms="6286">
    <groups>
    </groups>
    <test started-at="2024-08-19T10:25:50 IST" name="Test" finished-at="2024-08-19T10:25:56 IST" duration-ms="6286">
      <class name="script_TESTS.Test03_SwapAvalancheToOptimism">
        <test-method is-config="true" signature="configureFile()[pri:0, instance:script_TESTS.Test03_SwapAvalancheToOptimism@239105a8]" started-at="2024-08-19T10:25:50 IST" name="configureFile" finished-at="2024-08-19T10:25:50 IST" duration-ms="1" status="PASS">
          <reporter-output>
          </reporter-output>
        </test-method> <!-- configureFile -->
        <test-method is-config="true" signature="open_Browser()[pri:0, instance:script_TESTS.Test03_SwapAvalancheToOptimism@239105a8]" started-at="2024-08-19T10:25:50 IST" name="open_Browser" finished-at="2024-08-19T10:25:52 IST" duration-ms="2108" status="PASS">
          <reporter-output>
          </reporter-output>
        </test-method> <!-- open_Browser -->
        <test-method is-config="true" signature="setUp()[pri:0, instance:script_TESTS.Test03_SwapAvalancheToOptimism@239105a8]" started-at="2024-08-19T10:25:52 IST" name="setUp" finished-at="2024-08-19T10:25:52 IST" duration-ms="1" status="PASS">
          <reporter-output>
          </reporter-output>
        </test-method> <!-- setUp -->
        <test-method signature="verifySwap_AvalancheToOptimism()[pri:0, instance:script_TESTS.Test03_SwapAvalancheToOptimism@239105a8]" started-at="2024-08-19T10:25:52 IST" name="verifySwap_AvalancheToOptimism" finished-at="2024-08-19T10:25:55 IST" duration-ms="3767" status="PASS">
          <reporter-output>
          </reporter-output>
        </test-method> <!-- verifySwap_AvalancheToOptimism -->
        <test-method is-config="true" signature="close_Browser()[pri:0, instance:script_TESTS.Test03_SwapAvalancheToOptimism@239105a8]" started-at="2024-08-19T10:25:56 IST" name="close_Browser" finished-at="2024-08-19T10:25:56 IST" duration-ms="102" status="PASS">
          <reporter-output>
          </reporter-output>
        </test-method> <!-- close_Browser -->
      </class> <!-- script_TESTS.Test03_SwapAvalancheToOptimism -->
    </test> <!-- Test -->
  </suite> <!-- Suite (1) -->
  <suite started-at="2024-08-19T10:25:43 IST" name="Suite (0)" finished-at="2024-08-19T10:25:50 IST" duration-ms="6153">
    <groups>
    </groups>
    <test started-at="2024-08-19T10:25:43 IST" name="Test" finished-at="2024-08-19T10:25:50 IST" duration-ms="6153">
      <class name="script_TESTS.Test02_SwapPolygonToBinance">
        <test-method is-config="true" signature="configureFile()[pri:0, instance:script_TESTS.Test02_SwapPolygonToBinance@791d1f8b]" started-at="2024-08-19T10:25:43 IST" name="configureFile" finished-at="2024-08-19T10:25:43 IST" duration-ms="1" status="PASS">
          <reporter-output>
          </reporter-output>
        </test-method> <!-- configureFile -->
        <test-method is-config="true" signature="open_Browser()[pri:0, instance:script_TESTS.Test02_SwapPolygonToBinance@791d1f8b]" started-at="2024-08-19T10:25:43 IST" name="open_Browser" finished-at="2024-08-19T10:25:45 IST" duration-ms="2052" status="PASS">
          <reporter-output>
          </reporter-output>
        </test-method> <!-- open_Browser -->
        <test-method is-config="true" signature="setUp()[pri:0, instance:script_TESTS.Test02_SwapPolygonToBinance@791d1f8b]" started-at="2024-08-19T10:25:45 IST" name="setUp" finished-at="2024-08-19T10:25:45 IST" duration-ms="2" status="PASS">
          <reporter-output>
          </reporter-output>
        </test-method> <!-- setUp -->
        <test-method signature="verifySwap_BetweenPolygonAndBinance()[pri:0, instance:script_TESTS.Test02_SwapPolygonToBinance@791d1f8b]" started-at="2024-08-19T10:25:45 IST" name="verifySwap_BetweenPolygonAndBinance" finished-at="2024-08-19T10:25:49 IST" duration-ms="3719" status="PASS">
          <reporter-output>
          </reporter-output>
        </test-method> <!-- verifySwap_BetweenPolygonAndBinance -->
        <test-method is-config="true" signature="close_Browser()[pri:0, instance:script_TESTS.Test02_SwapPolygonToBinance@791d1f8b]" started-at="2024-08-19T10:25:49 IST" name="close_Browser" finished-at="2024-08-19T10:25:50 IST" duration-ms="131" status="PASS">
          <reporter-output>
          </reporter-output>
        </test-method> <!-- close_Browser -->
      </class> <!-- script_TESTS.Test02_SwapPolygonToBinance -->
    </test> <!-- Test -->
  </suite> <!-- Suite (0) -->
  <suite started-at="2024-08-19T10:26:08 IST" name="testng" finished-at="2024-08-19T10:26:08 IST" duration-ms="0">
    <groups>
    </groups>
  </suite> <!-- testng -->
  <suite started-at="2024-08-19T10:26:02 IST" name="Suite (3)" finished-at="2024-08-19T10:26:08 IST" duration-ms="6330">
    <groups>
    </groups>
    <test started-at="2024-08-19T10:26:02 IST" name="Test" finished-at="2024-08-19T10:26:08 IST" duration-ms="6330">
      <class name="script_TESTS.Test05_SwapPolygonToLayerOneX">
        <test-method is-config="true" signature="configureFile()[pri:0, instance:script_TESTS.Test05_SwapPolygonToLayerOneX@407a7f2a]" started-at="2024-08-19T10:26:02 IST" name="configureFile" finished-at="2024-08-19T10:26:02 IST" duration-ms="1" status="PASS">
          <reporter-output>
          </reporter-output>
        </test-method> <!-- configureFile -->
        <test-method is-config="true" signature="open_Browser()[pri:0, instance:script_TESTS.Test05_SwapPolygonToLayerOneX@407a7f2a]" started-at="2024-08-19T10:26:02 IST" name="open_Browser" finished-at="2024-08-19T10:26:04 IST" duration-ms="2111" status="PASS">
          <reporter-output>
          </reporter-output>
        </test-method> <!-- open_Browser -->
        <test-method is-config="true" signature="setUp()[pri:0, instance:script_TESTS.Test05_SwapPolygonToLayerOneX@407a7f2a]" started-at="2024-08-19T10:26:04 IST" name="setUp" finished-at="2024-08-19T10:26:04 IST" duration-ms="2" status="PASS">
          <reporter-output>
          </reporter-output>
        </test-method> <!-- setUp -->
        <test-method signature="verifySwap_BetweenPolygonAndLayerOneX()[pri:0, instance:script_TESTS.Test05_SwapPolygonToLayerOneX@407a7f2a]" started-at="2024-08-19T10:26:04 IST" name="verifySwap_BetweenPolygonAndLayerOneX" finished-at="2024-08-19T10:26:08 IST" duration-ms="3801" status="PASS">
          <reporter-output>
          </reporter-output>
        </test-method> <!-- verifySwap_BetweenPolygonAndLayerOneX -->
        <test-method is-config="true" signature="close_Browser()[pri:0, instance:script_TESTS.Test05_SwapPolygonToLayerOneX@407a7f2a]" started-at="2024-08-19T10:26:08 IST" name="close_Browser" finished-at="2024-08-19T10:26:08 IST" duration-ms="125" status="PASS">
          <reporter-output>
          </reporter-output>
        </test-method> <!-- close_Browser -->
      </class> <!-- script_TESTS.Test05_SwapPolygonToLayerOneX -->
    </test> <!-- Test -->
  </suite> <!-- Suite (3) -->
  <suite started-at="2024-08-19T10:25:56 IST" name="Suite (2)" finished-at="2024-08-19T10:26:02 IST" duration-ms="6085">
    <groups>
    </groups>
    <test started-at="2024-08-19T10:25:56 IST" name="Test" finished-at="2024-08-19T10:26:02 IST" duration-ms="6085">
      <class name="script_TESTS.Test04_SwapBinanceToOptimism">
        <test-method is-config="true" signature="configureFile()[pri:0, instance:script_TESTS.Test04_SwapBinanceToOptimism@23202fce]" started-at="2024-08-19T10:25:56 IST" name="configureFile" finished-at="2024-08-19T10:25:56 IST" duration-ms="0" status="PASS">
          <reporter-output>
          </reporter-output>
        </test-method> <!-- configureFile -->
        <test-method is-config="true" signature="open_Browser()[pri:0, instance:script_TESTS.Test04_SwapBinanceToOptimism@23202fce]" started-at="2024-08-19T10:25:56 IST" name="open_Browser" finished-at="2024-08-19T10:25:58 IST" duration-ms="2145" status="PASS">
          <reporter-output>
          </reporter-output>
        </test-method> <!-- open_Browser -->
        <test-method is-config="true" signature="setUp()[pri:0, instance:script_TESTS.Test04_SwapBinanceToOptimism@23202fce]" started-at="2024-08-19T10:25:58 IST" name="setUp" finished-at="2024-08-19T10:25:58 IST" duration-ms="1" status="PASS">
          <reporter-output>
          </reporter-output>
        </test-method> <!-- setUp -->
        <test-method signature="verifySwap_BinanceToOptimism()[pri:0, instance:script_TESTS.Test04_SwapBinanceToOptimism@23202fce]" started-at="2024-08-19T10:25:58 IST" name="verifySwap_BinanceToOptimism" finished-at="2024-08-19T10:26:02 IST" duration-ms="3566" status="PASS">
          <reporter-output>
          </reporter-output>
        </test-method> <!-- verifySwap_BinanceToOptimism -->
        <test-method is-config="true" signature="close_Browser()[pri:0, instance:script_TESTS.Test04_SwapBinanceToOptimism@23202fce]" started-at="2024-08-19T10:26:02 IST" name="close_Browser" finished-at="2024-08-19T10:26:02 IST" duration-ms="117" status="PASS">
          <reporter-output>
          </reporter-output>
        </test-method> <!-- close_Browser -->
      </class> <!-- script_TESTS.Test04_SwapBinanceToOptimism -->
    </test> <!-- Test -->
  </suite> <!-- Suite (2) -->
</testng-results>
